[ 2017-11-01T10:39:49+08:00 ] ::1 /wp/index.php
INFO: [ app_init ] --START--
INFO: Run Behavior\BuildLiteBehavior [ RunTime:0.000000s ]
INFO: [ app_init ] --END-- [ RunTime:0.001000s ]
INFO: [ app_begin ] --START--
INFO: Run Behavior\ReadHtmlCacheBehavior [ RunTime:0.001000s ]
INFO: [ app_begin ] --END-- [ RunTime:0.001000s ]
INFO: [ view_parse ] --START--
INFO: [ template_filter ] --START--
INFO: Run Behavior\ContentReplaceBehavior [ RunTime:0.000000s ]
INFO: [ template_filter ] --END-- [ RunTime:0.000000s ]
INFO: Run Behavior\ParseTemplateBehavior [ RunTime:0.013001s ]
INFO: [ view_parse ] --END-- [ RunTime:0.013001s ]
INFO: [ view_filter ] --START--
INFO: Run Behavior\WriteHtmlCacheBehavior [ RunTime:0.001000s ]
INFO: [ view_filter ] --END-- [ RunTime:0.001000s ]
INFO: [ app_end ] --START--
INFO: Run Behavior\ShowPageTraceBehavior [ RunTime:0.001000s ]
INFO: [ app_end ] --END-- [ RunTime:0.002000s ]

[ 2017-11-01T10:55:07+08:00 ] ::1 /wp/index.php/Home/Index/getLog
INFO: [ app_init ] --START--
INFO: Run Behavior\BuildLiteBehavior [ RunTime:0.000000s ]
INFO: [ app_init ] --END-- [ RunTime:0.001000s ]
INFO: [ app_begin ] --START--
INFO: Run Behavior\ReadHtmlCacheBehavior [ RunTime:0.001000s ]
INFO: [ app_begin ] --END-- [ RunTime:0.002000s ]
NOTIC: [2] fopen(./Public/Log/Test/log.text): failed to open stream: No such file or directory D:\wamp\www\wp\Apps\Common\Common\function.php 第 24 行.
NOTIC: [2] flock() expects parameter 1 to be resource, boolean given D:\wamp\www\wp\Apps\Common\Common\function.php 第 25 行.
NOTIC: [2] fwrite() expects parameter 1 to be resource, boolean given D:\wamp\www\wp\Apps\Common\Common\function.php 第 26 行.
NOTIC: [2] flock() expects parameter 1 to be resource, boolean given D:\wamp\www\wp\Apps\Common\Common\function.php 第 27 行.
NOTIC: [2] fclose() expects parameter 1 to be resource, boolean given D:\wamp\www\wp\Apps\Common\Common\function.php 第 28 行.
INFO: [ app_end ] --START--
INFO: Run Behavior\ShowPageTraceBehavior [ RunTime:0.001000s ]
INFO: [ app_end ] --END-- [ RunTime:0.001000s ]

[ 2017-11-01T10:55:45+08:00 ] ::1 /wp/index.php/Home/Index/getLog
INFO: [ app_init ] --START--
INFO: Run Behavior\BuildLiteBehavior [ RunTime:0.000000s ]
INFO: [ app_init ] --END-- [ RunTime:0.001000s ]
INFO: [ app_begin ] --START--
INFO: Run Behavior\ReadHtmlCacheBehavior [ RunTime:0.001000s ]
INFO: [ app_begin ] --END-- [ RunTime:0.001000s ]
NOTIC: [2] fopen(./Public/Log/Test/log.text): failed to open stream: No such file or directory D:\wamp\www\wp\Apps\Common\Common\function.php 第 24 行.
NOTIC: [2] flock() expects parameter 1 to be resource, boolean given D:\wamp\www\wp\Apps\Common\Common\function.php 第 25 行.
NOTIC: [2] fwrite() expects parameter 1 to be resource, boolean given D:\wamp\www\wp\Apps\Common\Common\function.php 第 26 行.
NOTIC: [2] flock() expects parameter 1 to be resource, boolean given D:\wamp\www\wp\Apps\Common\Common\function.php 第 27 行.
NOTIC: [2] fclose() expects parameter 1 to be resource, boolean given D:\wamp\www\wp\Apps\Common\Common\function.php 第 28 行.
INFO: [ app_end ] --START--
INFO: Run Behavior\ShowPageTraceBehavior [ RunTime:0.000000s ]
INFO: [ app_end ] --END-- [ RunTime:0.000000s ]

[ 2017-11-01T10:56:50+08:00 ] ::1 /wp/index.php/Home/Index/dumpData
INFO: [ app_init ] --START--
INFO: Run Behavior\BuildLiteBehavior [ RunTime:0.000000s ]
INFO: [ app_init ] --END-- [ RunTime:0.001000s ]
INFO: [ app_begin ] --START--
INFO: Run Behavior\ReadHtmlCacheBehavior [ RunTime:0.001000s ]
INFO: [ app_begin ] --END-- [ RunTime:0.001000s ]
INFO: [ app_end ] --START--
INFO: Run Behavior\ShowPageTraceBehavior [ RunTime:0.000000s ]
INFO: [ app_end ] --END-- [ RunTime:0.000000s ]

[ 2017-11-01T10:57:23+08:00 ] ::1 /wp/index.php/Home/Index/getLog
INFO: [ app_init ] --START--
INFO: Run Behavior\BuildLiteBehavior [ RunTime:0.000000s ]
INFO: [ app_init ] --END-- [ RunTime:0.000000s ]
INFO: [ app_begin ] --START--
INFO: Run Behavior\ReadHtmlCacheBehavior [ RunTime:0.000000s ]
INFO: [ app_begin ] --END-- [ RunTime:0.001000s ]
NOTIC: [2] fopen(./Public/Log/log.text): failed to open stream: No such file or directory D:\wamp\www\wp\Apps\Common\Common\function.php 第 24 行.
NOTIC: [2] flock() expects parameter 1 to be resource, boolean given D:\wamp\www\wp\Apps\Common\Common\function.php 第 25 行.
NOTIC: [2] fwrite() expects parameter 1 to be resource, boolean given D:\wamp\www\wp\Apps\Common\Common\function.php 第 26 行.
NOTIC: [2] flock() expects parameter 1 to be resource, boolean given D:\wamp\www\wp\Apps\Common\Common\function.php 第 27 行.
NOTIC: [2] fclose() expects parameter 1 to be resource, boolean given D:\wamp\www\wp\Apps\Common\Common\function.php 第 28 行.
INFO: [ app_end ] --START--
INFO: Run Behavior\ShowPageTraceBehavior [ RunTime:0.000000s ]
INFO: [ app_end ] --END-- [ RunTime:0.001000s ]

[ 2017-11-01T10:57:24+08:00 ] ::1 /wp/index.php/Home/Index/getLog
INFO: [ app_init ] --START--
INFO: Run Behavior\BuildLiteBehavior [ RunTime:0.000000s ]
INFO: [ app_init ] --END-- [ RunTime:0.001000s ]
INFO: [ app_begin ] --START--
INFO: Run Behavior\ReadHtmlCacheBehavior [ RunTime:0.001000s ]
INFO: [ app_begin ] --END-- [ RunTime:0.001000s ]
NOTIC: [2] fopen(./Public/Log/log.text): failed to open stream: No such file or directory D:\wamp\www\wp\Apps\Common\Common\function.php 第 24 行.
NOTIC: [2] flock() expects parameter 1 to be resource, boolean given D:\wamp\www\wp\Apps\Common\Common\function.php 第 25 行.
NOTIC: [2] fwrite() expects parameter 1 to be resource, boolean given D:\wamp\www\wp\Apps\Common\Common\function.php 第 26 行.
NOTIC: [2] flock() expects parameter 1 to be resource, boolean given D:\wamp\www\wp\Apps\Common\Common\function.php 第 27 行.
NOTIC: [2] fclose() expects parameter 1 to be resource, boolean given D:\wamp\www\wp\Apps\Common\Common\function.php 第 28 行.
INFO: [ app_end ] --START--
INFO: Run Behavior\ShowPageTraceBehavior [ RunTime:0.001001s ]
INFO: [ app_end ] --END-- [ RunTime:0.001001s ]

[ 2017-11-01T10:57:25+08:00 ] ::1 /wp/index.php/Home/Index/getLog
INFO: [ app_init ] --START--
INFO: Run Behavior\BuildLiteBehavior [ RunTime:0.000000s ]
INFO: [ app_init ] --END-- [ RunTime:0.001000s ]
INFO: [ app_begin ] --START--
INFO: Run Behavior\ReadHtmlCacheBehavior [ RunTime:0.001000s ]
INFO: [ app_begin ] --END-- [ RunTime:0.001000s ]
NOTIC: [2] fopen(./Public/Log/log.text): failed to open stream: No such file or directory D:\wamp\www\wp\Apps\Common\Common\function.php 第 24 行.
NOTIC: [2] flock() expects parameter 1 to be resource, boolean given D:\wamp\www\wp\Apps\Common\Common\function.php 第 25 行.
NOTIC: [2] fwrite() expects parameter 1 to be resource, boolean given D:\wamp\www\wp\Apps\Common\Common\function.php 第 26 行.
NOTIC: [2] flock() expects parameter 1 to be resource, boolean given D:\wamp\www\wp\Apps\Common\Common\function.php 第 27 行.
NOTIC: [2] fclose() expects parameter 1 to be resource, boolean given D:\wamp\www\wp\Apps\Common\Common\function.php 第 28 行.
INFO: [ app_end ] --START--
INFO: Run Behavior\ShowPageTraceBehavior [ RunTime:0.000000s ]
INFO: [ app_end ] --END-- [ RunTime:0.001000s ]

[ 2017-11-01T10:57:26+08:00 ] ::1 /wp/index.php/Home/Index/getLog
INFO: [ app_init ] --START--
INFO: Run Behavior\BuildLiteBehavior [ RunTime:0.000000s ]
INFO: [ app_init ] --END-- [ RunTime:0.001000s ]
INFO: [ app_begin ] --START--
INFO: Run Behavior\ReadHtmlCacheBehavior [ RunTime:0.001000s ]
INFO: [ app_begin ] --END-- [ RunTime:0.001000s ]
NOTIC: [2] fopen(./Public/Log/log.text): failed to open stream: No such file or directory D:\wamp\www\wp\Apps\Common\Common\function.php 第 24 行.
NOTIC: [2] flock() expects parameter 1 to be resource, boolean given D:\wamp\www\wp\Apps\Common\Common\function.php 第 25 行.
NOTIC: [2] fwrite() expects parameter 1 to be resource, boolean given D:\wamp\www\wp\Apps\Common\Common\function.php 第 26 行.
NOTIC: [2] flock() expects parameter 1 to be resource, boolean given D:\wamp\www\wp\Apps\Common\Common\function.php 第 27 行.
NOTIC: [2] fclose() expects parameter 1 to be resource, boolean given D:\wamp\www\wp\Apps\Common\Common\function.php 第 28 行.
INFO: [ app_end ] --START--
INFO: Run Behavior\ShowPageTraceBehavior [ RunTime:0.001000s ]
INFO: [ app_end ] --END-- [ RunTime:0.001000s ]

[ 2017-11-01T10:57:26+08:00 ] ::1 /wp/index.php/Home/Index/getLog
INFO: [ app_init ] --START--
INFO: Run Behavior\BuildLiteBehavior [ RunTime:0.000000s ]
INFO: [ app_init ] --END-- [ RunTime:0.001000s ]
INFO: [ app_begin ] --START--
INFO: Run Behavior\ReadHtmlCacheBehavior [ RunTime:0.001000s ]
INFO: [ app_begin ] --END-- [ RunTime:0.001000s ]
NOTIC: [2] fopen(./Public/Log/log.text): failed to open stream: No such file or directory D:\wamp\www\wp\Apps\Common\Common\function.php 第 24 行.
NOTIC: [2] flock() expects parameter 1 to be resource, boolean given D:\wamp\www\wp\Apps\Common\Common\function.php 第 25 行.
NOTIC: [2] fwrite() expects parameter 1 to be resource, boolean given D:\wamp\www\wp\Apps\Common\Common\function.php 第 26 行.
NOTIC: [2] flock() expects parameter 1 to be resource, boolean given D:\wamp\www\wp\Apps\Common\Common\function.php 第 27 行.
NOTIC: [2] fclose() expects parameter 1 to be resource, boolean given D:\wamp\www\wp\Apps\Common\Common\function.php 第 28 行.
INFO: [ app_end ] --START--
INFO: Run Behavior\ShowPageTraceBehavior [ RunTime:0.001000s ]
INFO: [ app_end ] --END-- [ RunTime:0.001000s ]

[ 2017-11-01T10:57:35+08:00 ] ::1 /wp/index.php/Home/Index/getLog
INFO: [ app_init ] --START--
INFO: Run Behavior\BuildLiteBehavior [ RunTime:0.000000s ]
INFO: [ app_init ] --END-- [ RunTime:0.001000s ]
INFO: [ app_begin ] --START--
INFO: Run Behavior\ReadHtmlCacheBehavior [ RunTime:0.001000s ]
INFO: [ app_begin ] --END-- [ RunTime:0.001000s ]
NOTIC: [2] fopen(./Public/Log/log.text): failed to open stream: No such file or directory D:\wamp\www\wp\Apps\Common\Common\function.php 第 24 行.
NOTIC: [2] flock() expects parameter 1 to be resource, boolean given D:\wamp\www\wp\Apps\Common\Common\function.php 第 25 行.
NOTIC: [2] fwrite() expects parameter 1 to be resource, boolean given D:\wamp\www\wp\Apps\Common\Common\function.php 第 26 行.
NOTIC: [2] flock() expects parameter 1 to be resource, boolean given D:\wamp\www\wp\Apps\Common\Common\function.php 第 27 行.
NOTIC: [2] fclose() expects parameter 1 to be resource, boolean given D:\wamp\www\wp\Apps\Common\Common\function.php 第 28 行.
INFO: [ app_end ] --START--
INFO: Run Behavior\ShowPageTraceBehavior [ RunTime:0.000000s ]
INFO: [ app_end ] --END-- [ RunTime:0.001000s ]

[ 2017-11-01T10:57:35+08:00 ] ::1 /wp/index.php/Home/Index/getLog
INFO: [ app_init ] --START--
INFO: Run Behavior\BuildLiteBehavior [ RunTime:0.000000s ]
INFO: [ app_init ] --END-- [ RunTime:0.002000s ]
INFO: [ app_begin ] --START--
INFO: Run Behavior\ReadHtmlCacheBehavior [ RunTime:0.001000s ]
INFO: [ app_begin ] --END-- [ RunTime:0.001000s ]
NOTIC: [2] fopen(./Public/Log/log.text): failed to open stream: No such file or directory D:\wamp\www\wp\Apps\Common\Common\function.php 第 24 行.
NOTIC: [2] flock() expects parameter 1 to be resource, boolean given D:\wamp\www\wp\Apps\Common\Common\function.php 第 25 行.
NOTIC: [2] fwrite() expects parameter 1 to be resource, boolean given D:\wamp\www\wp\Apps\Common\Common\function.php 第 26 行.
NOTIC: [2] flock() expects parameter 1 to be resource, boolean given D:\wamp\www\wp\Apps\Common\Common\function.php 第 27 行.
NOTIC: [2] fclose() expects parameter 1 to be resource, boolean given D:\wamp\www\wp\Apps\Common\Common\function.php 第 28 行.
INFO: [ app_end ] --START--
INFO: Run Behavior\ShowPageTraceBehavior [ RunTime:0.002000s ]
INFO: [ app_end ] --END-- [ RunTime:0.002000s ]

[ 2017-11-01T10:57:36+08:00 ] ::1 /wp/index.php/Home/Index/getLog
INFO: [ app_init ] --START--
INFO: Run Behavior\BuildLiteBehavior [ RunTime:0.001000s ]
INFO: [ app_init ] --END-- [ RunTime:0.002000s ]
INFO: [ app_begin ] --START--
INFO: Run Behavior\ReadHtmlCacheBehavior [ RunTime:0.000000s ]
INFO: [ app_begin ] --END-- [ RunTime:0.002000s ]
NOTIC: [2] fopen(./Public/Log/log.text): failed to open stream: No such file or directory D:\wamp\www\wp\Apps\Common\Common\function.php 第 24 行.
NOTIC: [2] flock() expects parameter 1 to be resource, boolean given D:\wamp\www\wp\Apps\Common\Common\function.php 第 25 行.
NOTIC: [2] fwrite() expects parameter 1 to be resource, boolean given D:\wamp\www\wp\Apps\Common\Common\function.php 第 26 行.
NOTIC: [2] flock() expects parameter 1 to be resource, boolean given D:\wamp\www\wp\Apps\Common\Common\function.php 第 27 行.
NOTIC: [2] fclose() expects parameter 1 to be resource, boolean given D:\wamp\www\wp\Apps\Common\Common\function.php 第 28 行.
INFO: [ app_end ] --START--
INFO: Run Behavior\ShowPageTraceBehavior [ RunTime:0.001000s ]
INFO: [ app_end ] --END-- [ RunTime:0.001000s ]

[ 2017-11-01T10:57:36+08:00 ] ::1 /wp/index.php/Home/Index/getLog
INFO: [ app_init ] --START--
INFO: Run Behavior\BuildLiteBehavior [ RunTime:0.000000s ]
INFO: [ app_init ] --END-- [ RunTime:0.001000s ]
INFO: [ app_begin ] --START--
INFO: Run Behavior\ReadHtmlCacheBehavior [ RunTime:0.001001s ]
INFO: [ app_begin ] --END-- [ RunTime:0.002001s ]
NOTIC: [2] fopen(./Public/Log/log.text): failed to open stream: No such file or directory D:\wamp\www\wp\Apps\Common\Common\function.php 第 24 行.
NOTIC: [2] flock() expects parameter 1 to be resource, boolean given D:\wamp\www\wp\Apps\Common\Common\function.php 第 25 行.
NOTIC: [2] fwrite() expects parameter 1 to be resource, boolean given D:\wamp\www\wp\Apps\Common\Common\function.php 第 26 行.
NOTIC: [2] flock() expects parameter 1 to be resource, boolean given D:\wamp\www\wp\Apps\Common\Common\function.php 第 27 行.
NOTIC: [2] fclose() expects parameter 1 to be resource, boolean given D:\wamp\www\wp\Apps\Common\Common\function.php 第 28 行.
INFO: [ app_end ] --START--
INFO: Run Behavior\ShowPageTraceBehavior [ RunTime:0.001000s ]
INFO: [ app_end ] --END-- [ RunTime:0.001000s ]

[ 2017-11-01T10:57:36+08:00 ] ::1 /wp/index.php/Home/Index/getLog
INFO: [ app_init ] --START--
INFO: Run Behavior\BuildLiteBehavior [ RunTime:0.000000s ]
INFO: [ app_init ] --END-- [ RunTime:0.001000s ]
INFO: [ app_begin ] --START--
INFO: Run Behavior\ReadHtmlCacheBehavior [ RunTime:0.001000s ]
INFO: [ app_begin ] --END-- [ RunTime:0.001000s ]
NOTIC: [2] fopen(./Public/Log/log.text): failed to open stream: No such file or directory D:\wamp\www\wp\Apps\Common\Common\function.php 第 24 行.
NOTIC: [2] flock() expects parameter 1 to be resource, boolean given D:\wamp\www\wp\Apps\Common\Common\function.php 第 25 行.
NOTIC: [2] fwrite() expects parameter 1 to be resource, boolean given D:\wamp\www\wp\Apps\Common\Common\function.php 第 26 行.
NOTIC: [2] flock() expects parameter 1 to be resource, boolean given D:\wamp\www\wp\Apps\Common\Common\function.php 第 27 行.
NOTIC: [2] fclose() expects parameter 1 to be resource, boolean given D:\wamp\www\wp\Apps\Common\Common\function.php 第 28 行.
INFO: [ app_end ] --START--
INFO: Run Behavior\ShowPageTraceBehavior [ RunTime:0.000000s ]
INFO: [ app_end ] --END-- [ RunTime:0.001000s ]

[ 2017-11-01T10:57:36+08:00 ] ::1 /wp/index.php/Home/Index/getLog
INFO: [ app_init ] --START--
INFO: Run Behavior\BuildLiteBehavior [ RunTime:0.000000s ]
INFO: [ app_init ] --END-- [ RunTime:0.001000s ]
INFO: [ app_begin ] --START--
INFO: Run Behavior\ReadHtmlCacheBehavior [ RunTime:0.000000s ]
INFO: [ app_begin ] --END-- [ RunTime:0.001000s ]
NOTIC: [2] fopen(./Public/Log/log.text): failed to open stream: No such file or directory D:\wamp\www\wp\Apps\Common\Common\function.php 第 24 行.
NOTIC: [2] flock() expects parameter 1 to be resource, boolean given D:\wamp\www\wp\Apps\Common\Common\function.php 第 25 行.
NOTIC: [2] fwrite() expects parameter 1 to be resource, boolean given D:\wamp\www\wp\Apps\Common\Common\function.php 第 26 行.
NOTIC: [2] flock() expects parameter 1 to be resource, boolean given D:\wamp\www\wp\Apps\Common\Common\function.php 第 27 行.
NOTIC: [2] fclose() expects parameter 1 to be resource, boolean given D:\wamp\www\wp\Apps\Common\Common\function.php 第 28 行.
INFO: [ app_end ] --START--
INFO: Run Behavior\ShowPageTraceBehavior [ RunTime:0.000000s ]
INFO: [ app_end ] --END-- [ RunTime:0.001001s ]

[ 2017-11-01T10:57:36+08:00 ] ::1 /wp/index.php/Home/Index/getLog
INFO: [ app_init ] --START--
INFO: Run Behavior\BuildLiteBehavior [ RunTime:0.000000s ]
INFO: [ app_init ] --END-- [ RunTime:0.000000s ]
INFO: [ app_begin ] --START--
INFO: Run Behavior\ReadHtmlCacheBehavior [ RunTime:0.001000s ]
INFO: [ app_begin ] --END-- [ RunTime:0.001000s ]
NOTIC: [2] fopen(./Public/Log/log.text): failed to open stream: No such file or directory D:\wamp\www\wp\Apps\Common\Common\function.php 第 24 行.
NOTIC: [2] flock() expects parameter 1 to be resource, boolean given D:\wamp\www\wp\Apps\Common\Common\function.php 第 25 行.
NOTIC: [2] fwrite() expects parameter 1 to be resource, boolean given D:\wamp\www\wp\Apps\Common\Common\function.php 第 26 行.
NOTIC: [2] flock() expects parameter 1 to be resource, boolean given D:\wamp\www\wp\Apps\Common\Common\function.php 第 27 行.
NOTIC: [2] fclose() expects parameter 1 to be resource, boolean given D:\wamp\www\wp\Apps\Common\Common\function.php 第 28 行.
INFO: [ app_end ] --START--
INFO: Run Behavior\ShowPageTraceBehavior [ RunTime:0.001000s ]
INFO: [ app_end ] --END-- [ RunTime:0.001000s ]

[ 2017-11-01T10:57:36+08:00 ] ::1 /wp/index.php/Home/Index/getLog
INFO: [ app_init ] --START--
INFO: Run Behavior\BuildLiteBehavior [ RunTime:0.000000s ]
INFO: [ app_init ] --END-- [ RunTime:0.001000s ]
INFO: [ app_begin ] --START--
INFO: Run Behavior\ReadHtmlCacheBehavior [ RunTime:0.000000s ]
INFO: [ app_begin ] --END-- [ RunTime:0.001000s ]
NOTIC: [2] fopen(./Public/Log/log.text): failed to open stream: No such file or directory D:\wamp\www\wp\Apps\Common\Common\function.php 第 24 行.
NOTIC: [2] flock() expects parameter 1 to be resource, boolean given D:\wamp\www\wp\Apps\Common\Common\function.php 第 25 行.
NOTIC: [2] fwrite() expects parameter 1 to be resource, boolean given D:\wamp\www\wp\Apps\Common\Common\function.php 第 26 行.
NOTIC: [2] flock() expects parameter 1 to be resource, boolean given D:\wamp\www\wp\Apps\Common\Common\function.php 第 27 行.
NOTIC: [2] fclose() expects parameter 1 to be resource, boolean given D:\wamp\www\wp\Apps\Common\Common\function.php 第 28 行.
INFO: [ app_end ] --START--
INFO: Run Behavior\ShowPageTraceBehavior [ RunTime:0.000000s ]
INFO: [ app_end ] --END-- [ RunTime:0.001001s ]

[ 2017-11-01T10:57:37+08:00 ] ::1 /wp/index.php/Home/Index/getLog
INFO: [ app_init ] --START--
INFO: Run Behavior\BuildLiteBehavior [ RunTime:0.000000s ]
INFO: [ app_init ] --END-- [ RunTime:0.001000s ]
INFO: [ app_begin ] --START--
INFO: Run Behavior\ReadHtmlCacheBehavior [ RunTime:0.001000s ]
INFO: [ app_begin ] --END-- [ RunTime:0.001000s ]
NOTIC: [2] fopen(./Public/Log/log.text): failed to open stream: No such file or directory D:\wamp\www\wp\Apps\Common\Common\function.php 第 24 行.
NOTIC: [2] flock() expects parameter 1 to be resource, boolean given D:\wamp\www\wp\Apps\Common\Common\function.php 第 25 行.
NOTIC: [2] fwrite() expects parameter 1 to be resource, boolean given D:\wamp\www\wp\Apps\Common\Common\function.php 第 26 行.
NOTIC: [2] flock() expects parameter 1 to be resource, boolean given D:\wamp\www\wp\Apps\Common\Common\function.php 第 27 行.
NOTIC: [2] fclose() expects parameter 1 to be resource, boolean given D:\wamp\www\wp\Apps\Common\Common\function.php 第 28 行.
INFO: [ app_end ] --START--
INFO: Run Behavior\ShowPageTraceBehavior [ RunTime:0.001000s ]
INFO: [ app_end ] --END-- [ RunTime:0.001000s ]

[ 2017-11-01T10:57:37+08:00 ] ::1 /wp/index.php/Home/Index/getLog
INFO: [ app_init ] --START--
INFO: Run Behavior\BuildLiteBehavior [ RunTime:0.000000s ]
INFO: [ app_init ] --END-- [ RunTime:0.001000s ]
INFO: [ app_begin ] --START--
INFO: Run Behavior\ReadHtmlCacheBehavior [ RunTime:0.001000s ]
INFO: [ app_begin ] --END-- [ RunTime:0.001000s ]
NOTIC: [2] fopen(./Public/Log/log.text): failed to open stream: No such file or directory D:\wamp\www\wp\Apps\Common\Common\function.php 第 24 行.
NOTIC: [2] flock() expects parameter 1 to be resource, boolean given D:\wamp\www\wp\Apps\Common\Common\function.php 第 25 行.
NOTIC: [2] fwrite() expects parameter 1 to be resource, boolean given D:\wamp\www\wp\Apps\Common\Common\function.php 第 26 行.
NOTIC: [2] flock() expects parameter 1 to be resource, boolean given D:\wamp\www\wp\Apps\Common\Common\function.php 第 27 行.
NOTIC: [2] fclose() expects parameter 1 to be resource, boolean given D:\wamp\www\wp\Apps\Common\Common\function.php 第 28 行.
INFO: [ app_end ] --START--
INFO: Run Behavior\ShowPageTraceBehavior [ RunTime:0.001000s ]
INFO: [ app_end ] --END-- [ RunTime:0.001000s ]

[ 2017-11-01T10:57:37+08:00 ] ::1 /wp/index.php/Home/Index/getLog
INFO: [ app_init ] --START--
INFO: Run Behavior\BuildLiteBehavior [ RunTime:0.000000s ]
INFO: [ app_init ] --END-- [ RunTime:0.001000s ]
INFO: [ app_begin ] --START--
INFO: Run Behavior\ReadHtmlCacheBehavior [ RunTime:0.001000s ]
INFO: [ app_begin ] --END-- [ RunTime:0.001000s ]
NOTIC: [2] fopen(./Public/Log/log.text): failed to open stream: No such file or directory D:\wamp\www\wp\Apps\Common\Common\function.php 第 24 行.
NOTIC: [2] flock() expects parameter 1 to be resource, boolean given D:\wamp\www\wp\Apps\Common\Common\function.php 第 25 行.
NOTIC: [2] fwrite() expects parameter 1 to be resource, boolean given D:\wamp\www\wp\Apps\Common\Common\function.php 第 26 行.
NOTIC: [2] flock() expects parameter 1 to be resource, boolean given D:\wamp\www\wp\Apps\Common\Common\function.php 第 27 行.
NOTIC: [2] fclose() expects parameter 1 to be resource, boolean given D:\wamp\www\wp\Apps\Common\Common\function.php 第 28 行.
INFO: [ app_end ] --START--
INFO: Run Behavior\ShowPageTraceBehavior [ RunTime:0.000000s ]
INFO: [ app_end ] --END-- [ RunTime:0.000000s ]

[ 2017-11-01T10:57:51+08:00 ] ::1 /wp/index.php/Home/Index/getLog
INFO: [ app_init ] --START--
INFO: Run Behavior\BuildLiteBehavior [ RunTime:0.000000s ]
INFO: [ app_init ] --END-- [ RunTime:0.001000s ]
INFO: [ app_begin ] --START--
INFO: Run Behavior\ReadHtmlCacheBehavior [ RunTime:0.000000s ]
INFO: [ app_begin ] --END-- [ RunTime:0.001000s ]
NOTIC: [2] fopen(./Public/Log/log.text): failed to open stream: No such file or directory D:\wamp\www\wp\Apps\Common\Common\function.php 第 24 行.
NOTIC: [2] flock() expects parameter 1 to be resource, boolean given D:\wamp\www\wp\Apps\Common\Common\function.php 第 25 行.
NOTIC: [2] fwrite() expects parameter 1 to be resource, boolean given D:\wamp\www\wp\Apps\Common\Common\function.php 第 26 行.
NOTIC: [2] flock() expects parameter 1 to be resource, boolean given D:\wamp\www\wp\Apps\Common\Common\function.php 第 27 行.
NOTIC: [2] fclose() expects parameter 1 to be resource, boolean given D:\wamp\www\wp\Apps\Common\Common\function.php 第 28 行.
INFO: [ app_end ] --START--
INFO: Run Behavior\ShowPageTraceBehavior [ RunTime:0.001000s ]
INFO: [ app_end ] --END-- [ RunTime:0.001000s ]

[ 2017-11-01T10:58:35+08:00 ] ::1 /wp/index.php/Home/Index/getLog
INFO: [ app_init ] --START--
INFO: Run Behavior\BuildLiteBehavior [ RunTime:0.000000s ]
INFO: [ app_init ] --END-- [ RunTime:0.000000s ]
INFO: [ app_begin ] --START--
INFO: Run Behavior\ReadHtmlCacheBehavior [ RunTime:0.001000s ]
INFO: [ app_begin ] --END-- [ RunTime:0.001000s ]
NOTIC: [2] fopen(./Public/Log/Log.txt): failed to open stream: No such file or directory D:\wamp\www\wp\Apps\Common\Common\function.php 第 24 行.
NOTIC: [2] flock() expects parameter 1 to be resource, boolean given D:\wamp\www\wp\Apps\Common\Common\function.php 第 25 行.
NOTIC: [2] fwrite() expects parameter 1 to be resource, boolean given D:\wamp\www\wp\Apps\Common\Common\function.php 第 27 行.
NOTIC: [2] flock() expects parameter 1 to be resource, boolean given D:\wamp\www\wp\Apps\Common\Common\function.php 第 28 行.
NOTIC: [2] fclose() expects parameter 1 to be resource, boolean given D:\wamp\www\wp\Apps\Common\Common\function.php 第 29 行.
INFO: [ app_end ] --START--
INFO: Run Behavior\ShowPageTraceBehavior [ RunTime:0.001000s ]
INFO: [ app_end ] --END-- [ RunTime:0.002000s ]

[ 2017-11-01T10:58:46+08:00 ] ::1 /wp/index.php/Home/Index/getLog
INFO: [ app_init ] --START--
INFO: Run Behavior\BuildLiteBehavior [ RunTime:0.000000s ]
INFO: [ app_init ] --END-- [ RunTime:0.001000s ]
INFO: [ app_begin ] --START--
INFO: Run Behavior\ReadHtmlCacheBehavior [ RunTime:0.001000s ]
INFO: [ app_begin ] --END-- [ RunTime:0.001000s ]
INFO: [ app_end ] --START--
INFO: Run Behavior\ShowPageTraceBehavior [ RunTime:0.001000s ]
INFO: [ app_end ] --END-- [ RunTime:0.002000s ]

[ 2017-11-01T10:58:47+08:00 ] ::1 /wp/index.php/Home/Index/getLog
INFO: [ app_init ] --START--
INFO: Run Behavior\BuildLiteBehavior [ RunTime:0.000000s ]
INFO: [ app_init ] --END-- [ RunTime:0.001000s ]
INFO: [ app_begin ] --START--
INFO: Run Behavior\ReadHtmlCacheBehavior [ RunTime:0.000000s ]
INFO: [ app_begin ] --END-- [ RunTime:0.000000s ]
INFO: [ app_end ] --START--
INFO: Run Behavior\ShowPageTraceBehavior [ RunTime:0.001001s ]
INFO: [ app_end ] --END-- [ RunTime:0.001001s ]

[ 2017-11-01T10:58:47+08:00 ] ::1 /wp/index.php/Home/Index/getLog
INFO: [ app_init ] --START--
INFO: Run Behavior\BuildLiteBehavior [ RunTime:0.000000s ]
INFO: [ app_init ] --END-- [ RunTime:0.001000s ]
INFO: [ app_begin ] --START--
INFO: Run Behavior\ReadHtmlCacheBehavior [ RunTime:0.001000s ]
INFO: [ app_begin ] --END-- [ RunTime:0.002000s ]
INFO: [ app_end ] --START--
INFO: Run Behavior\ShowPageTraceBehavior [ RunTime:0.000000s ]
INFO: [ app_end ] --END-- [ RunTime:0.002000s ]

[ 2017-11-01T10:59:02+08:00 ] ::1 /wp/index.php/Home/Index/getLog
INFO: [ app_init ] --START--
INFO: Run Behavior\BuildLiteBehavior [ RunTime:0.000000s ]
INFO: [ app_init ] --END-- [ RunTime:0.003000s ]
INFO: [ app_begin ] --START--
INFO: Run Behavior\ReadHtmlCacheBehavior [ RunTime:0.001000s ]
INFO: [ app_begin ] --END-- [ RunTime:0.001000s ]
INFO: [ app_end ] --START--
INFO: Run Behavior\ShowPageTraceBehavior [ RunTime:0.001001s ]
INFO: [ app_end ] --END-- [ RunTime:0.001001s ]

[ 2017-11-01T10:59:48+08:00 ] ::1 /wp/index.php/Home/Index/getLog
INFO: [ app_init ] --START--
INFO: Run Behavior\BuildLiteBehavior [ RunTime:0.000000s ]
INFO: [ app_init ] --END-- [ RunTime:0.001000s ]
INFO: [ app_begin ] --START--
INFO: Run Behavior\ReadHtmlCacheBehavior [ RunTime:0.001000s ]
INFO: [ app_begin ] --END-- [ RunTime:0.001000s ]
NOTIC: [2] fopen(./Public/Log/Test/log.text): failed to open stream: No such file or directory D:\wamp\www\wp\Apps\Common\Common\function.php 第 24 行.
NOTIC: [2] flock() expects parameter 1 to be resource, boolean given D:\wamp\www\wp\Apps\Common\Common\function.php 第 25 行.
NOTIC: [2] fwrite() expects parameter 1 to be resource, boolean given D:\wamp\www\wp\Apps\Common\Common\function.php 第 26 行.
NOTIC: [2] flock() expects parameter 1 to be resource, boolean given D:\wamp\www\wp\Apps\Common\Common\function.php 第 27 行.
NOTIC: [2] fclose() expects parameter 1 to be resource, boolean given D:\wamp\www\wp\Apps\Common\Common\function.php 第 28 行.
INFO: [ app_end ] --START--
INFO: Run Behavior\ShowPageTraceBehavior [ RunTime:0.001000s ]
INFO: [ app_end ] --END-- [ RunTime:0.001000s ]

[ 2017-11-01T11:00:15+08:00 ] ::1 /wp/index.php/Home/Index/getLog
INFO: [ app_init ] --START--
INFO: Run Behavior\BuildLiteBehavior [ RunTime:0.000000s ]
INFO: [ app_init ] --END-- [ RunTime:0.001000s ]
INFO: [ app_begin ] --START--
INFO: Run Behavior\ReadHtmlCacheBehavior [ RunTime:0.000000s ]
INFO: [ app_begin ] --END-- [ RunTime:0.001000s ]
NOTIC: [2] Missing argument 2 for setLog(), called in D:\wamp\www\wp\Apps\Home\Controller\IndexController.class.php on line 10 and defined D:\wamp\www\wp\Apps\Common\Common\function.php 第 23 行.
INFO: [ app_end ] --START--
INFO: Run Behavior\ShowPageTraceBehavior [ RunTime:0.000000s ]
INFO: [ app_end ] --END-- [ RunTime:0.001000s ]

[ 2017-11-01T11:00:16+08:00 ] ::1 /wp/index.php/Home/Index/getLog
INFO: [ app_init ] --START--
INFO: Run Behavior\BuildLiteBehavior [ RunTime:0.000000s ]
INFO: [ app_init ] --END-- [ RunTime:0.001000s ]
INFO: [ app_begin ] --START--
INFO: Run Behavior\ReadHtmlCacheBehavior [ RunTime:0.002000s ]
INFO: [ app_begin ] --END-- [ RunTime:0.002000s ]
NOTIC: [2] Missing argument 2 for setLog(), called in D:\wamp\www\wp\Apps\Home\Controller\IndexController.class.php on line 10 and defined D:\wamp\www\wp\Apps\Common\Common\function.php 第 23 行.
INFO: [ app_end ] --START--
INFO: Run Behavior\ShowPageTraceBehavior [ RunTime:0.001001s ]
INFO: [ app_end ] --END-- [ RunTime:0.001001s ]

[ 2017-11-01T11:00:16+08:00 ] ::1 /wp/index.php/Home/Index/getLog
INFO: [ app_init ] --START--
INFO: Run Behavior\BuildLiteBehavior [ RunTime:0.000000s ]
INFO: [ app_init ] --END-- [ RunTime:0.001000s ]
INFO: [ app_begin ] --START--
INFO: Run Behavior\ReadHtmlCacheBehavior [ RunTime:0.001000s ]
INFO: [ app_begin ] --END-- [ RunTime:0.001000s ]
NOTIC: [2] Missing argument 2 for setLog(), called in D:\wamp\www\wp\Apps\Home\Controller\IndexController.class.php on line 10 and defined D:\wamp\www\wp\Apps\Common\Common\function.php 第 23 行.
INFO: [ app_end ] --START--
INFO: Run Behavior\ShowPageTraceBehavior [ RunTime:0.001000s ]
INFO: [ app_end ] --END-- [ RunTime:0.002001s ]

[ 2017-11-01T11:00:17+08:00 ] ::1 /wp/index.php/Home/Index/getLog
INFO: [ app_init ] --START--
INFO: Run Behavior\BuildLiteBehavior [ RunTime:0.000000s ]
INFO: [ app_init ] --END-- [ RunTime:0.001000s ]
INFO: [ app_begin ] --START--
INFO: Run Behavior\ReadHtmlCacheBehavior [ RunTime:0.001000s ]
INFO: [ app_begin ] --END-- [ RunTime:0.001000s ]
NOTIC: [2] Missing argument 2 for setLog(), called in D:\wamp\www\wp\Apps\Home\Controller\IndexController.class.php on line 10 and defined D:\wamp\www\wp\Apps\Common\Common\function.php 第 23 行.
INFO: [ app_end ] --START--
INFO: Run Behavior\ShowPageTraceBehavior [ RunTime:0.001000s ]
INFO: [ app_end ] --END-- [ RunTime:0.001000s ]

[ 2017-11-01T11:00:17+08:00 ] ::1 /wp/index.php/Home/Index/getLog
INFO: [ app_init ] --START--
INFO: Run Behavior\BuildLiteBehavior [ RunTime:0.000000s ]
INFO: [ app_init ] --END-- [ RunTime:0.000000s ]
INFO: [ app_begin ] --START--
INFO: Run Behavior\ReadHtmlCacheBehavior [ RunTime:0.000000s ]
INFO: [ app_begin ] --END-- [ RunTime:0.002000s ]
NOTIC: [2] Missing argument 2 for setLog(), called in D:\wamp\www\wp\Apps\Home\Controller\IndexController.class.php on line 10 and defined D:\wamp\www\wp\Apps\Common\Common\function.php 第 23 行.
INFO: [ app_end ] --START--
INFO: Run Behavior\ShowPageTraceBehavior [ RunTime:0.001000s ]
INFO: [ app_end ] --END-- [ RunTime:0.001000s ]

[ 2017-11-01T11:00:17+08:00 ] ::1 /wp/index.php/Home/Index/getLog
INFO: [ app_init ] --START--
INFO: Run Behavior\BuildLiteBehavior [ RunTime:0.000000s ]
INFO: [ app_init ] --END-- [ RunTime:0.001000s ]
INFO: [ app_begin ] --START--
INFO: Run Behavior\ReadHtmlCacheBehavior [ RunTime:0.001000s ]
INFO: [ app_begin ] --END-- [ RunTime:0.001000s ]
NOTIC: [2] Missing argument 2 for setLog(), called in D:\wamp\www\wp\Apps\Home\Controller\IndexController.class.php on line 10 and defined D:\wamp\www\wp\Apps\Common\Common\function.php 第 23 行.
INFO: [ app_end ] --START--
INFO: Run Behavior\ShowPageTraceBehavior [ RunTime:0.001000s ]
INFO: [ app_end ] --END-- [ RunTime:0.001000s ]

[ 2017-11-01T11:00:17+08:00 ] ::1 /wp/index.php/Home/Index/getLog
INFO: [ app_init ] --START--
INFO: Run Behavior\BuildLiteBehavior [ RunTime:0.000000s ]
INFO: [ app_init ] --END-- [ RunTime:0.000000s ]
INFO: [ app_begin ] --START--
INFO: Run Behavior\ReadHtmlCacheBehavior [ RunTime:0.001000s ]
INFO: [ app_begin ] --END-- [ RunTime:0.001000s ]
NOTIC: [2] Missing argument 2 for setLog(), called in D:\wamp\www\wp\Apps\Home\Controller\IndexController.class.php on line 10 and defined D:\wamp\www\wp\Apps\Common\Common\function.php 第 23 行.
INFO: [ app_end ] --START--
INFO: Run Behavior\ShowPageTraceBehavior [ RunTime:0.001000s ]
INFO: [ app_end ] --END-- [ RunTime:0.001000s ]

[ 2017-11-01T11:00:17+08:00 ] ::1 /wp/index.php/Home/Index/getLog
INFO: [ app_init ] --START--
INFO: Run Behavior\BuildLiteBehavior [ RunTime:0.000000s ]
INFO: [ app_init ] --END-- [ RunTime:0.001000s ]
INFO: [ app_begin ] --START--
INFO: Run Behavior\ReadHtmlCacheBehavior [ RunTime:0.002000s ]
INFO: [ app_begin ] --END-- [ RunTime:0.002000s ]
NOTIC: [2] Missing argument 2 for setLog(), called in D:\wamp\www\wp\Apps\Home\Controller\IndexController.class.php on line 10 and defined D:\wamp\www\wp\Apps\Common\Common\function.php 第 23 行.
INFO: [ app_end ] --START--
INFO: Run Behavior\ShowPageTraceBehavior [ RunTime:0.001000s ]
INFO: [ app_end ] --END-- [ RunTime:0.001000s ]

[ 2017-11-01T11:00:30+08:00 ] ::1 /wp/index.php/Home/Index/getLog
INFO: [ app_init ] --START--
INFO: Run Behavior\BuildLiteBehavior [ RunTime:0.000000s ]
INFO: [ app_init ] --END-- [ RunTime:0.002001s ]
INFO: [ app_begin ] --START--
INFO: Run Behavior\ReadHtmlCacheBehavior [ RunTime:0.000000s ]
INFO: [ app_begin ] --END-- [ RunTime:0.001000s ]
NOTIC: [2] Missing argument 2 for setLog(), called in D:\wamp\www\wp\Apps\Home\Controller\IndexController.class.php on line 10 and defined D:\wamp\www\wp\Apps\Common\Common\function.php 第 23 行.
INFO: [ app_end ] --START--
INFO: Run Behavior\ShowPageTraceBehavior [ RunTime:0.001000s ]
INFO: [ app_end ] --END-- [ RunTime:0.001000s ]

[ 2017-11-01T11:00:30+08:00 ] ::1 /wp/index.php/Home/Index/getLog
INFO: [ app_init ] --START--
INFO: Run Behavior\BuildLiteBehavior [ RunTime:0.000000s ]
INFO: [ app_init ] --END-- [ RunTime:0.000000s ]
INFO: [ app_begin ] --START--
INFO: Run Behavior\ReadHtmlCacheBehavior [ RunTime:0.001000s ]
INFO: [ app_begin ] --END-- [ RunTime:0.001000s ]
NOTIC: [2] Missing argument 2 for setLog(), called in D:\wamp\www\wp\Apps\Home\Controller\IndexController.class.php on line 10 and defined D:\wamp\www\wp\Apps\Common\Common\function.php 第 23 行.
INFO: [ app_end ] --START--
INFO: Run Behavior\ShowPageTraceBehavior [ RunTime:0.001000s ]
INFO: [ app_end ] --END-- [ RunTime:0.001000s ]

[ 2017-11-01T11:00:31+08:00 ] ::1 /wp/index.php/Home/Index/getLog
INFO: [ app_init ] --START--
INFO: Run Behavior\BuildLiteBehavior [ RunTime:0.000000s ]
INFO: [ app_init ] --END-- [ RunTime:0.001000s ]
INFO: [ app_begin ] --START--
INFO: Run Behavior\ReadHtmlCacheBehavior [ RunTime:0.001000s ]
INFO: [ app_begin ] --END-- [ RunTime:0.001000s ]
NOTIC: [2] Missing argument 2 for setLog(), called in D:\wamp\www\wp\Apps\Home\Controller\IndexController.class.php on line 10 and defined D:\wamp\www\wp\Apps\Common\Common\function.php 第 23 行.
INFO: [ app_end ] --START--
INFO: Run Behavior\ShowPageTraceBehavior [ RunTime:0.000000s ]
INFO: [ app_end ] --END-- [ RunTime:0.001000s ]

[ 2017-11-01T11:00:31+08:00 ] ::1 /wp/index.php/Home/Index/getLog
INFO: [ app_init ] --START--
INFO: Run Behavior\BuildLiteBehavior [ RunTime:0.000000s ]
INFO: [ app_init ] --END-- [ RunTime:0.001000s ]
INFO: [ app_begin ] --START--
INFO: Run Behavior\ReadHtmlCacheBehavior [ RunTime:0.001000s ]
INFO: [ app_begin ] --END-- [ RunTime:0.001000s ]
NOTIC: [2] Missing argument 2 for setLog(), called in D:\wamp\www\wp\Apps\Home\Controller\IndexController.class.php on line 10 and defined D:\wamp\www\wp\Apps\Common\Common\function.php 第 23 行.
INFO: [ app_end ] --START--
INFO: Run Behavior\ShowPageTraceBehavior [ RunTime:0.001000s ]
INFO: [ app_end ] --END-- [ RunTime:0.001000s ]

[ 2017-11-01T11:00:31+08:00 ] ::1 /wp/index.php/Home/Index/getLog
INFO: [ app_init ] --START--
INFO: Run Behavior\BuildLiteBehavior [ RunTime:0.000000s ]
INFO: [ app_init ] --END-- [ RunTime:0.001000s ]
INFO: [ app_begin ] --START--
INFO: Run Behavior\ReadHtmlCacheBehavior [ RunTime:0.000000s ]
INFO: [ app_begin ] --END-- [ RunTime:0.000000s ]
NOTIC: [2] Missing argument 2 for setLog(), called in D:\wamp\www\wp\Apps\Home\Controller\IndexController.class.php on line 10 and defined D:\wamp\www\wp\Apps\Common\Common\function.php 第 23 行.
INFO: [ app_end ] --START--
INFO: Run Behavior\ShowPageTraceBehavior [ RunTime:0.001000s ]
INFO: [ app_end ] --END-- [ RunTime:0.002000s ]

[ 2017-11-01T11:00:31+08:00 ] ::1 /wp/index.php/Home/Index/getLog
INFO: [ app_init ] --START--
INFO: Run Behavior\BuildLiteBehavior [ RunTime:0.000000s ]
INFO: [ app_init ] --END-- [ RunTime:0.001000s ]
INFO: [ app_begin ] --START--
INFO: Run Behavior\ReadHtmlCacheBehavior [ RunTime:0.000000s ]
INFO: [ app_begin ] --END-- [ RunTime:0.002000s ]
NOTIC: [2] Missing argument 2 for setLog(), called in D:\wamp\www\wp\Apps\Home\Controller\IndexController.class.php on line 10 and defined D:\wamp\www\wp\Apps\Common\Common\function.php 第 23 行.
INFO: [ app_end ] --START--
INFO: Run Behavior\ShowPageTraceBehavior [ RunTime:0.001000s ]
INFO: [ app_end ] --END-- [ RunTime:0.001000s ]

[ 2017-11-01T11:00:31+08:00 ] ::1 /wp/index.php/Home/Index/getLog
INFO: [ app_init ] --START--
INFO: Run Behavior\BuildLiteBehavior [ RunTime:0.000000s ]
INFO: [ app_init ] --END-- [ RunTime:0.001000s ]
INFO: [ app_begin ] --START--
INFO: Run Behavior\ReadHtmlCacheBehavior [ RunTime:0.001000s ]
INFO: [ app_begin ] --END-- [ RunTime:0.001000s ]
NOTIC: [2] Missing argument 2 for setLog(), called in D:\wamp\www\wp\Apps\Home\Controller\IndexController.class.php on line 10 and defined D:\wamp\www\wp\Apps\Common\Common\function.php 第 23 行.
INFO: [ app_end ] --START--
INFO: Run Behavior\ShowPageTraceBehavior [ RunTime:0.000000s ]
INFO: [ app_end ] --END-- [ RunTime:0.002000s ]

[ 2017-11-01T11:00:31+08:00 ] ::1 /wp/index.php/Home/Index/getLog
INFO: [ app_init ] --START--
INFO: Run Behavior\BuildLiteBehavior [ RunTime:0.000000s ]
INFO: [ app_init ] --END-- [ RunTime:0.000000s ]
INFO: [ app_begin ] --START--
INFO: Run Behavior\ReadHtmlCacheBehavior [ RunTime:0.001000s ]
INFO: [ app_begin ] --END-- [ RunTime:0.001000s ]
NOTIC: [2] Missing argument 2 for setLog(), called in D:\wamp\www\wp\Apps\Home\Controller\IndexController.class.php on line 10 and defined D:\wamp\www\wp\Apps\Common\Common\function.php 第 23 行.
INFO: [ app_end ] --START--
INFO: Run Behavior\ShowPageTraceBehavior [ RunTime:0.001000s ]
INFO: [ app_end ] --END-- [ RunTime:0.001000s ]

[ 2017-11-01T11:00:32+08:00 ] ::1 /wp/index.php/Home/Index/getLog
INFO: [ app_init ] --START--
INFO: Run Behavior\BuildLiteBehavior [ RunTime:0.000000s ]
INFO: [ app_init ] --END-- [ RunTime:0.001000s ]
INFO: [ app_begin ] --START--
INFO: Run Behavior\ReadHtmlCacheBehavior [ RunTime:0.001000s ]
INFO: [ app_begin ] --END-- [ RunTime:0.001000s ]
NOTIC: [2] Missing argument 2 for setLog(), called in D:\wamp\www\wp\Apps\Home\Controller\IndexController.class.php on line 10 and defined D:\wamp\www\wp\Apps\Common\Common\function.php 第 23 行.
INFO: [ app_end ] --START--
INFO: Run Behavior\ShowPageTraceBehavior [ RunTime:0.001000s ]
INFO: [ app_end ] --END-- [ RunTime:0.001000s ]

