[ 2017-11-05T22:29:16+08:00 ] ::1 /wp/Public/Admmin/lib/jquery.contextmenu/jquery.contextmenu.r2.js
INFO: [ app_init ] --START--
INFO: Run Behavior\BuildLiteBehavior [ RunTime:0.000000s ]
INFO: [ app_init ] --END-- [ RunTime:0.017001s ]
ERR: 无法加载模块:Public

[ 2017-11-05T22:29:57+08:00 ] ::1 /wp/Public/Admmin/lib/jquery.contextmenu/jquery.contextmenu.r2.js
INFO: [ app_init ] --START--
INFO: Run Behavior\BuildLiteBehavior [ RunTime:0.001000s ]
INFO: [ app_init ] --END-- [ RunTime:0.001000s ]
ERR: 无法加载模块:Public

[ 2017-11-05T22:30:33+08:00 ] ::1 /wp/Public/Admmin/lib/jquery.contextmenu/jquery.contextmenu.r2.js
INFO: [ app_init ] --START--
INFO: Run Behavior\BuildLiteBehavior [ RunTime:0.000000s ]
INFO: [ app_init ] --END-- [ RunTime:0.002000s ]
ERR: 无法加载模块:Public

[ 2017-11-05T22:30:36+08:00 ] ::1 /wp/Public/Admmin/lib/jquery.contextmenu/jquery.contextmenu.r2.js
INFO: [ app_init ] --START--
INFO: Run Behavior\BuildLiteBehavior [ RunTime:0.000000s ]
INFO: [ app_init ] --END-- [ RunTime:0.001000s ]
ERR: 无法加载模块:Public

[ 2017-11-05T22:44:51+08:00 ] ::1 /wp/Public/Admmin/lib/jquery.contextmenu/jquery.contextmenu.r2.js
INFO: [ app_init ] --START--
INFO: Run Behavior\BuildLiteBehavior [ RunTime:0.000000s ]
INFO: [ app_init ] --END-- [ RunTime:0.002000s ]
ERR: 无法加载模块:Public

